[0921/103329:ERROR:process_info.cc(608)] range at 0xfffde000, size 0x230 fully unreadable
[0921/103329:ERROR:process_reader_win.cc(233)] ReadMemory at 0x77cb0000 of 64 bytes failed: Only part of a ReadProcessMemory or WriteProcessMemory request was completed. (0x12B)
[0921/103329:WARNING:pe_image_reader.cc(281)] could not read dos header from C:\Windows\SysWOW64\ntdll.dll
[0921/103329:ERROR:process_reader_win.cc(233)] ReadMemory at 0x77cb0000 of 64 bytes failed: Only part of a ReadProcessMemory or WriteProcessMemory request was completed. (0x12B)
[0921/103329:WARNING:pe_image_reader.cc(281)] could not read dos header from C:\Windows\SysWOW64\ntdll.dll
[0921/103329:ERROR:process_info.cc(608)] range at 0xfffdd000, size 0xf84 fully unreadable
[0921/103329:ERROR:process_info.cc(608)] range at 0xfffda000, size 0xf84 fully unreadable
[0921/103329:ERROR:process_info.cc(608)] range at 0xfffd7000, size 0xf84 fully unreadable
[0921/103329:ERROR:process_info.cc(608)] range at 0xfffaf000, size 0xf84 fully unreadable
[0921/103329:ERROR:process_info.cc(608)] range at 0xfffac000, size 0xf84 fully unreadable
[0921/103329:ERROR:process_info.cc(608)] range at 0xfffa9000, size 0xf84 fully unreadable
[0921/103329:ERROR:process_info.cc(608)] range at 0xfffa6000, size 0xf84 fully unreadable
[0921/103329:ERROR:process_info.cc(608)] range at 0xfffa3000, size 0xf84 fully unreadable
[0921/103329:ERROR:process_info.cc(608)] range at 0xfffa0000, size 0xf84 fully unreadable
[0921/103329:ERROR:process_info.cc(608)] range at 0xfff9d000, size 0xf84 fully unreadable
[0921/103329:ERROR:process_info.cc(608)] range at 0xfff9a000, size 0xf84 fully unreadable
[0921/103329:ERROR:process_info.cc(608)] range at 0xfff97000, size 0xf84 fully unreadable
[0921/103329:ERROR:process_info.cc(608)] range at 0xfff85000, size 0xf84 fully unreadable
[0921/103329:ERROR:process_info.cc(608)] range at 0xfff91000, size 0xf84 fully unreadable
[0921/103329:ERROR:process_info.cc(608)] range at 0xfff82000, size 0xf84 fully unreadable
[0921/103329:ERROR:process_info.cc(608)] range at 0xfff7f000, size 0xf84 fully unreadable
[0921/103329:ERROR:process_info.cc(608)] range at 0xfff7c000, size 0xf84 fully unreadable
[0921/103329:ERROR:process_info.cc(608)] range at 0xfff8b000, size 0xf84 fully unreadable
[0921/103329:ERROR:process_info.cc(608)] range at 0xfff70000, size 0xf84 fully unreadable
[0921/103329:ERROR:process_info.cc(608)] range at 0xfff76000, size 0xf84 fully unreadable
[0921/103329:ERROR:process_info.cc(608)] range at 0xfff67000, size 0xf84 fully unreadable
[0921/103329:ERROR:process_info.cc(608)] range at 0xfff94000, size 0xf84 fully unreadable
[0921/103329:ERROR:process_info.cc(608)] range at 0xfff8e000, size 0xf84 fully unreadable
[0921/103329:ERROR:process_info.cc(608)] range at 0xfff88000, size 0xf84 fully unreadable
[0921/103329:ERROR:process_reader_win.cc(233)] ReadMemory at 0x77cb0000 of 64 bytes failed: Only part of a ReadProcessMemory or WriteProcessMemory request was completed. (0x12B)
[0921/103329:WARNING:pe_image_reader.cc(281)] could not read dos header from C:\Windows\SysWOW64\ntdll.dll
[0921/103330:ERROR:process_reader_win.cc(233)] ReadMemory at 0x77cb0000 of 64 bytes failed: Only part of a ReadProcessMemory or WriteProcessMemory request was completed. (0x12B)
[0921/103330:WARNING:pe_image_reader.cc(281)] could not read dos header from C:\Windows\SysWOW64\ntdll.dll
[0921/103330:ERROR:process_reader_win.cc(233)] ReadMemory at 0x77cb0000 of 64 bytes failed: Only part of a ReadProcessMemory or WriteProcessMemory request was completed. (0x12B)
[0921/103330:WARNING:pe_image_reader.cc(281)] could not read dos header from C:\Windows\SysWOW64\ntdll.dll
[0921/103330:ERROR:process_reader_win.cc(233)] ReadMemory at 0x77cb0000 of 64 bytes failed: Only part of a ReadProcessMemory or WriteProcessMemory request was completed. (0x12B)
[0921/103330:WARNING:pe_image_reader.cc(281)] could not read dos header from C:\Windows\SysWOW64\ntdll.dll
[0921/103330:ERROR:process_reader_win.cc(233)] ReadMemory at 0x2be000 of 139264 bytes failed: Only part of a ReadProcessMemory or WriteProcessMemory request was completed. (0x12B)
[0921/103330:ERROR:crash_report_exception_handler.cc(98)] WriteEverything failed
[0921/103330:ERROR:scoped_process_suspend.cc(38)] NtResumeProcess: An attempt was made to access an exiting process.  (0xc000010a)
